<?xml version="1.0" encoding="UTF-8"?>
<testsuite xmlns:xsi="http://www.w3.org/2001/XMLSchema-instance" xsi:noNamespaceSchemaLocation="https://maven.apache.org/surefire/maven-surefire-plugin/xsd/surefire-test-report.xsd" version="3.0.2" name="com.omp.common.service.AlertServiceTest" time="0.035" tests="2" errors="0" skipped="0" failures="0">
  <properties>
[...]
</properties>
  <testcase name="acknowledge_shouldSetStatusAndAssignee" classname="com.omp.common.service.AlertServiceTest" time="0.03"/>
  <testcase name="createFromEvent_shouldCopySeverityFromEventAndFireCdiEvent" classname="com.omp.common.service.AlertServiceTest" time="0.004"/>
</testsuite>